# JRE version: Java(TM) SE Runtime Environment (8.0_05-b13) (build 1.8.0_05-b13)
# Java VM: Java HotSpot(TM) 64-Bit Server VM (25.5-b02 mixed mode windows-amd64 compressed oops)
Heap:
 PSYoungGen      total 36352K, used 18675K [0x00000007bc400000, 0x00000007c0000000, 0x00000007c0000000)
  eden space 20480K, 13% used [0x00000007bc400000,0x00000007bc6c36f8,0x00000007bd800000)
  from space 15872K, 99% used [0x00000007bf080000,0x00000007bfff9588,0x00000007c0000000)
  to   space 20480K, 0% used [0x00000007bd800000,0x00000007bd800000,0x00000007bec00000)
 ParOldGen       total 168960K, used 57105K [0x0000000700000000, 0x000000070a500000, 0x00000007bc400000)
  object space 168960K, 33% used [0x0000000700000000,0x00000007037c4710,0x000000070a500000)
 Metaspace       used 62369K, capacity 62761K, committed 63360K, reserved 1103872K
  class space    used 9166K, capacity 9243K, committed 9344K, reserved 1048576K
GC Heap History (10 events):
Event: 286.641 GC heap before
{Heap before GC invocations=100 (full 28):
 PSYoungGen      total 55808K, used 55807K [0x00000007bc400000, 0x00000007c0000000, 0x00000007c0000000)
  eden space 50688K, 100% used [0x00000007bc400000,0x00000007bf580000,0x00000007bf580000)
  from space 5120K, 99% used [0x00000007bf580000,0x00000007bfa7fe80,0x00000007bfa80000)
  to   space 5632K, 0% used [0x00000007bfa80000,0x00000007bfa80000,0x00000007c0000000)
 ParOldGen       total 168960K, used 44279K [0x0000000700000000, 0x000000070a500000, 0x00000007bc400000)
  object space 168960K, 26% used [0x0000000700000000,0x0000000702b3dc88,0x000000070a500000)
 Metaspace       used 56083K, capacity 56477K, committed 56960K, reserved 1097728K
  class space    used 7951K, capacity 8025K, committed 8064K, reserved 1048576K
Event: 286.646 GC heap after
Heap after GC invocations=100 (full 28):
 PSYoungGen      total 45568K, used 5631K [0x00000007bc400000, 0x00000007c0000000, 0x00000007c0000000)
  eden space 39936K, 0% used [0x00000007bc400000,0x00000007bc400000,0x00000007beb00000)
  from space 5632K, 99% used [0x00000007bfa80000,0x00000007bffffe80,0x00000007c0000000)
  to   space 10752K, 0% used [0x00000007beb00000,0x00000007beb00000,0x00000007bf580000)
 ParOldGen       total 168960K, used 48851K [0x0000000700000000, 0x000000070a500000, 0x00000007bc400000)
  object space 168960K, 28% used [0x0000000700000000,0x0000000702fb4de8,0x000000070a500000)
 Metaspace       used 56083K, capacity 56477K, committed 56960K, reserved 1097728K
  class space    used 7951K, capacity 8025K, committed 8064K, reserved 1048576K
}
Event: 286.700 GC heap before
{Heap before GC invocations=101 (full 28):
 PSYoungGen      total 45568K, used 45567K [0x00000007bc400000, 0x00000007c0000000, 0x00000007c0000000)
  eden space 39936K, 100% used [0x00000007bc400000,0x00000007beb00000,0x00000007beb00000)
  from space 5632K, 99% used [0x00000007bfa80000,0x00000007bffffe80,0x00000007c0000000)
  to   space 10752K, 0% used [0x00000007beb00000,0x00000007beb00000,0x00000007bf580000)
 ParOldGen       total 168960K, used 48851K [0x0000000700000000, 0x000000070a500000, 0x00000007bc400000)
  object space 168960K, 28% used [0x0000000700000000,0x0000000702fb4de8,0x000000070a500000)
 Metaspace       used 56096K, capacity 56477K, committed 56960K, reserved 1097728K
  class space    used 7951K, capacity 8025K, committed 8064K, reserved 1048576K
Event: 286.705 GC heap after
Heap after GC invocations=101 (full 28):
 PSYoungGen      total 50176K, used 9823K [0x00000007bc400000, 0x00000007c0000000, 0x00000007c0000000)
  eden space 39936K, 0% used [0x00000007bc400000,0x00000007bc400000,0x00000007beb00000)
  from space 10240K, 95% used [0x00000007beb00000,0x00000007bf497e80,0x00000007bf500000)
  to   space 11264K, 0% used [0x00000007bf500000,0x00000007bf500000,0x00000007c0000000)
 ParOldGen       total 168960K, used 48851K [0x0000000700000000, 0x000000070a500000, 0x00000007bc400000)
  object space 168960K, 28% used [0x0000000700000000,0x0000000702fb4de8,0x000000070a500000)
 Metaspace       used 56096K, capacity 56477K, committed 56960K, reserved 1097728K
  class space    used 7951K, capacity 8025K, committed 8064K, reserved 1048576K
}
Event: 289.644 GC heap before
{Heap before GC invocations=102 (full 28):
 PSYoungGen      total 50176K, used 49759K [0x00000007bc400000, 0x00000007c0000000, 0x00000007c0000000)
  eden space 39936K, 100% used [0x00000007bc400000,0x00000007beb00000,0x00000007beb00000)
  from space 10240K, 95% used [0x00000007beb00000,0x00000007bf497e80,0x00000007bf500000)
  to   space 11264K, 0% used [0x00000007bf500000,0x00000007bf500000,0x00000007c0000000)
 ParOldGen       total 168960K, used 48851K [0x0000000700000000, 0x000000070a500000, 0x00000007bc400000)
  object space 168960K, 28% used [0x0000000700000000,0x0000000702fb4de8,0x000000070a500000)
 Metaspace       used 59652K, capacity 60067K, committed 60672K, reserved 1101824K
  class space    used 8779K, capacity 8858K, committed 8960K, reserved 1048576K
Event: 289.651 GC heap after
Heap after GC invocations=102 (full 28):
 PSYoungGen      total 40960K, used 11232K [0x00000007bc400000, 0x00000007c0000000, 0x00000007c0000000)
  eden space 29696K, 0% used [0x00000007bc400000,0x00000007bc400000,0x00000007be100000)
  from space 11264K, 99% used [0x00000007bf500000,0x00000007bfff8010,0x00000007c0000000)
  to   space 15872K, 0% used [0x00000007be100000,0x00000007be100000,0x00000007bf080000)
 ParOldGen       total 168960K, used 52975K [0x0000000700000000, 0x000000070a500000, 0x00000007bc400000)
  object space 168960K, 31% used [0x0000000700000000,0x00000007033bbfc8,0x000000070a500000)
 Metaspace       used 59652K, capacity 60067K, committed 60672K, reserved 1101824K
  class space    used 8779K, capacity 8858K, committed 8960K, reserved 1048576K
}
Event: 289.952 GC heap before
{Heap before GC invocations=103 (full 28):
 PSYoungGen      total 40960K, used 40928K [0x00000007bc400000, 0x00000007c0000000, 0x00000007c0000000)
  eden space 29696K, 100% used [0x00000007bc400000,0x00000007be100000,0x00000007be100000)
  from space 11264K, 99% used [0x00000007bf500000,0x00000007bfff8010,0x00000007c0000000)
  to   space 15872K, 0% used [0x00000007be100000,0x00000007be100000,0x00000007bf080000)
 ParOldGen       total 168960K, used 52975K [0x0000000700000000, 0x000000070a500000, 0x00000007bc400000)
  object space 168960K, 31% used [0x0000000700000000,0x00000007033bbfc8,0x000000070a500000)
 Metaspace       used 61407K, capacity 61865K, committed 62464K, reserved 1101824K
  class space    used 9021K, capacity 9115K, committed 9216K, reserved 1048576K
Event: 289.959 GC heap after
Heap after GC invocations=103 (full 28):
 PSYoungGen      total 45568K, used 15866K [0x00000007bc400000, 0x00000007c0000000, 0x00000007c0000000)
  eden space 29696K, 0% used [0x00000007bc400000,0x00000007bc400000,0x00000007be100000)
  from space 15872K, 99% used [0x00000007be100000,0x00000007bf07eba0,0x00000007bf080000)
  to   space 15872K, 0% used [0x00000007bf080000,0x00000007bf080000,0x00000007c0000000)
 ParOldGen       total 168960K, used 54663K [0x0000000700000000, 0x000000070a500000, 0x00000007bc400000)
  object space 168960K, 32% used [0x0000000700000000,0x0000000703561e18,0x000000070a500000)
 Metaspace       used 61407K, capacity 61865K, committed 62464K, reserved 1101824K
  class space    used 9021K, capacity 9115K, committed 9216K, reserved 1048576K
}
Event: 290.478 GC heap before
{Heap before GC invocations=104 (full 28):
 PSYoungGen      total 45568K, used 45562K [0x00000007bc400000, 0x00000007c0000000, 0x00000007c0000000)
  eden space 29696K, 100% used [0x00000007bc400000,0x00000007be100000,0x00000007be100000)
  from space 15872K, 99% used [0x00000007be100000,0x00000007bf07eba0,0x00000007bf080000)
  to   space 15872K, 0% used [0x00000007bf080000,0x00000007bf080000,0x00000007c0000000)
 ParOldGen       total 168960K, used 54663K [0x0000000700000000, 0x000000070a500000, 0x00000007bc400000)
  object space 168960K, 32% used [0x0000000700000000,0x0000000703561e18,0x000000070a500000)
 Metaspace       used 62358K, capacity 62761K, committed 63360K, reserved 1103872K
  class space    used 9166K, capacity 9243K, committed 9344K, reserved 1048576K
Event: 290.485 GC heap after
Heap after GC invocations=104 (full 28):
 PSYoungGen      total 36352K, used 15845K [0x00000007bc400000, 0x00000007c0000000, 0x00000007c0000000)
  eden space 20480K, 0% used [0x00000007bc400000,0x00000007bc400000,0x00000007bd800000)
  from space 15872K, 99% used [0x00000007bf080000,0x00000007bfff9588,0x00000007c0000000)
  to   space 20480K, 0% used [0x00000007bd800000,0x00000007bd800000,0x00000007bec00000)
 ParOldGen       total 168960K, used 57105K [0x0000000700000000, 0x000000070a500000, 0x00000007bc400000)
  object space 168960K, 33% used [0x0000000700000000,0x00000007037c4710,0x000000070a500000)
 Metaspace       used 62358K, capacity 62761K, committed 63360K, reserved 1103872K
  class space    used 9166K, capacity 9243K, committed 9344K, reserved 1048576K
}

