# JRE version: Java(TM) SE Runtime Environment (8.0_05-b13) (build 1.8.0_05-b13)
# Java VM: Java HotSpot(TM) 64-Bit Server VM (25.5-b02 mixed mode windows-amd64 compressed oops)
Heap:
 PSYoungGen      total 50688K, used 10652K [0x00000007bc400000, 0x00000007c0000000, 0x00000007c0000000)
  eden space 40960K, 11% used [0x00000007bc400000,0x00000007bc872790,0x00000007bec00000)
  from space 9728K, 62% used [0x00000007bf680000,0x00000007bfc74b58,0x00000007c0000000)
  to   space 10240K, 0% used [0x00000007bec00000,0x00000007bec00000,0x00000007bf600000)
 ParOldGen       total 175616K, used 38969K [0x0000000700000000, 0x000000070ab80000, 0x00000007bc400000)
  object space 175616K, 22% used [0x0000000700000000,0x000000070260e4e0,0x000000070ab80000)
 Metaspace       used 56507K, capacity 56903K, committed 57472K, reserved 1097728K
  class space    used 8392K, capacity 8480K, committed 8576K, reserved 1048576K
GC Heap History (10 events):
Event: 131.459 GC heap before
{Heap before GC invocations=69 (full 11):
 PSYoungGen      total 51200K, used 50939K [0x00000007bc400000, 0x00000007c0000000, 0x00000007c0000000)
  eden space 46080K, 100% used [0x00000007bc400000,0x00000007bf100000,0x00000007bf100000)
  from space 5120K, 94% used [0x00000007bf100000,0x00000007bf5bed30,0x00000007bf600000)
  to   space 8192K, 0% used [0x00000007bf800000,0x00000007bf800000,0x00000007c0000000)
 ParOldGen       total 175616K, used 38953K [0x0000000700000000, 0x000000070ab80000, 0x00000007bc400000)
  object space 175616K, 22% used [0x0000000700000000,0x000000070260a4e0,0x000000070ab80000)
 Metaspace       used 56224K, capacity 56583K, committed 57088K, reserved 1097728K
  class space    used 8347K, capacity 8416K, committed 8448K, reserved 1048576K
Event: 131.463 GC heap after
Heap after GC invocations=69 (full 11):
 PSYoungGen      total 52224K, used 5004K [0x00000007bc400000, 0x00000007c0000000, 0x00000007c0000000)
  eden space 44032K, 0% used [0x00000007bc400000,0x00000007bc400000,0x00000007bef00000)
  from space 8192K, 61% used [0x00000007bf800000,0x00000007bfce3380,0x00000007c0000000)
  to   space 8704K, 0% used [0x00000007bef00000,0x00000007bef00000,0x00000007bf780000)
 ParOldGen       total 175616K, used 38953K [0x0000000700000000, 0x000000070ab80000, 0x00000007bc400000)
  object space 175616K, 22% used [0x0000000700000000,0x000000070260a4e0,0x000000070ab80000)
 Metaspace       used 56224K, capacity 56583K, committed 57088K, reserved 1097728K
  class space    used 8347K, capacity 8416K, committed 8448K, reserved 1048576K
}
Event: 165.941 GC heap before
{Heap before GC invocations=70 (full 11):
 PSYoungGen      total 52224K, used 49036K [0x00000007bc400000, 0x00000007c0000000, 0x00000007c0000000)
  eden space 44032K, 100% used [0x00000007bc400000,0x00000007bef00000,0x00000007bef00000)
  from space 8192K, 61% used [0x00000007bf800000,0x00000007bfce3380,0x00000007c0000000)
  to   space 8704K, 0% used [0x00000007bef00000,0x00000007bef00000,0x00000007bf780000)
 ParOldGen       total 175616K, used 38953K [0x0000000700000000, 0x000000070ab80000, 0x00000007bc400000)
  object space 175616K, 22% used [0x0000000700000000,0x000000070260a4e0,0x000000070ab80000)
 Metaspace       used 56329K, capacity 56711K, committed 57088K, reserved 1097728K
  class space    used 8357K, capacity 8416K, committed 8448K, reserved 1048576K
Event: 165.944 GC heap after
Heap after GC invocations=70 (full 11):
 PSYoungGen      total 49664K, used 5664K [0x00000007bc400000, 0x00000007c0000000, 0x00000007c0000000)
  eden space 43520K, 0% used [0x00000007bc400000,0x00000007bc400000,0x00000007bee80000)
  from space 6144K, 92% used [0x00000007bef00000,0x00000007bf488130,0x00000007bf500000)
  to   space 9216K, 0% used [0x00000007bf700000,0x00000007bf700000,0x00000007c0000000)
 ParOldGen       total 175616K, used 38953K [0x0000000700000000, 0x000000070ab80000, 0x00000007bc400000)
  object space 175616K, 22% used [0x0000000700000000,0x000000070260a4e0,0x000000070ab80000)
 Metaspace       used 56329K, capacity 56711K, committed 57088K, reserved 1097728K
  class space    used 8357K, capacity 8416K, committed 8448K, reserved 1048576K
}
Event: 167.680 GC heap before
{Heap before GC invocations=71 (full 11):
 PSYoungGen      total 49664K, used 49184K [0x00000007bc400000, 0x00000007c0000000, 0x00000007c0000000)
  eden space 43520K, 100% used [0x00000007bc400000,0x00000007bee80000,0x00000007bee80000)
  from space 6144K, 92% used [0x00000007bef00000,0x00000007bf488130,0x00000007bf500000)
  to   space 9216K, 0% used [0x00000007bf700000,0x00000007bf700000,0x00000007c0000000)
 ParOldGen       total 175616K, used 38953K [0x0000000700000000, 0x000000070ab80000, 0x00000007bc400000)
  object space 175616K, 22% used [0x0000000700000000,0x000000070260a4e0,0x000000070ab80000)
 Metaspace       used 56337K, capacity 56775K, committed 57344K, reserved 1097728K
  class space    used 8357K, capacity 8416K, committed 8448K, reserved 1048576K
Event: 167.683 GC heap after
Heap after GC invocations=71 (full 11):
 PSYoungGen      total 51200K, used 6219K [0x00000007bc400000, 0x00000007c0000000, 0x00000007c0000000)
  eden space 41984K, 0% used [0x00000007bc400000,0x00000007bc400000,0x00000007bed00000)
  from space 9216K, 67% used [0x00000007bf700000,0x00000007bfd12e90,0x00000007c0000000)
  to   space 9728K, 0% used [0x00000007bed00000,0x00000007bed00000,0x00000007bf680000)
 ParOldGen       total 175616K, used 38961K [0x0000000700000000, 0x000000070ab80000, 0x00000007bc400000)
  object space 175616K, 22% used [0x0000000700000000,0x000000070260c4e0,0x000000070ab80000)
 Metaspace       used 56337K, capacity 56775K, committed 57344K, reserved 1097728K
  class space    used 8357K, capacity 8416K, committed 8448K, reserved 1048576K
}
Event: 168.090 GC heap before
{Heap before GC invocations=72 (full 11):
 PSYoungGen      total 51200K, used 48203K [0x00000007bc400000, 0x00000007c0000000, 0x00000007c0000000)
  eden space 41984K, 100% used [0x00000007bc400000,0x00000007bed00000,0x00000007bed00000)
  from space 9216K, 67% used [0x00000007bf700000,0x00000007bfd12e90,0x00000007c0000000)
  to   space 9728K, 0% used [0x00000007bed00000,0x00000007bed00000,0x00000007bf680000)
 ParOldGen       total 175616K, used 38961K [0x0000000700000000, 0x000000070ab80000, 0x00000007bc400000)
  object space 175616K, 22% used [0x0000000700000000,0x000000070260c4e0,0x000000070ab80000)
 Metaspace       used 56352K, capacity 56775K, committed 57344K, reserved 1097728K
  class space    used 8357K, capacity 8416K, committed 8448K, reserved 1048576K
Event: 168.093 GC heap after
Heap after GC invocations=72 (full 11):
 PSYoungGen      total 51712K, used 5287K [0x00000007bc400000, 0x00000007c0000000, 0x00000007c0000000)
  eden space 41984K, 0% used [0x00000007bc400000,0x00000007bc400000,0x00000007bed00000)
  from space 9728K, 54% used [0x00000007bed00000,0x00000007bf229d30,0x00000007bf680000)
  to   space 9728K, 0% used [0x00000007bf680000,0x00000007bf680000,0x00000007c0000000)
 ParOldGen       total 175616K, used 38961K [0x0000000700000000, 0x000000070ab80000, 0x00000007bc400000)
  object space 175616K, 22% used [0x0000000700000000,0x000000070260c4e0,0x000000070ab80000)
 Metaspace       used 56352K, capacity 56775K, committed 57344K, reserved 1097728K
  class space    used 8357K, capacity 8416K, committed 8448K, reserved 1048576K
}
Event: 191.699 GC heap before
{Heap before GC invocations=73 (full 11):
 PSYoungGen      total 51712K, used 47271K [0x00000007bc400000, 0x00000007c0000000, 0x00000007c0000000)
  eden space 41984K, 100% used [0x00000007bc400000,0x00000007bed00000,0x00000007bed00000)
  from space 9728K, 54% used [0x00000007bed00000,0x00000007bf229d30,0x00000007bf680000)
  to   space 9728K, 0% used [0x00000007bf680000,0x00000007bf680000,0x00000007c0000000)
 ParOldGen       total 175616K, used 38961K [0x0000000700000000, 0x000000070ab80000, 0x00000007bc400000)
  object space 175616K, 22% used [0x0000000700000000,0x000000070260c4e0,0x000000070ab80000)
 Metaspace       used 56371K, capacity 56807K, committed 57344K, reserved 1097728K
  class space    used 8359K, capacity 8448K, committed 8448K, reserved 1048576K
Event: 191.703 GC heap after
Heap after GC invocations=73 (full 11):
 PSYoungGen      total 50688K, used 6098K [0x00000007bc400000, 0x00000007c0000000, 0x00000007c0000000)
  eden space 40960K, 0% used [0x00000007bc400000,0x00000007bc400000,0x00000007bec00000)
  from space 9728K, 62% used [0x00000007bf680000,0x00000007bfc74b58,0x00000007c0000000)
  to   space 10240K, 0% used [0x00000007bec00000,0x00000007bec00000,0x00000007bf600000)
 ParOldGen       total 175616K, used 38969K [0x0000000700000000, 0x000000070ab80000, 0x00000007bc400000)
  object space 175616K, 22% used [0x0000000700000000,0x000000070260e4e0,0x000000070ab80000)
 Metaspace       used 56371K, capacity 56807K, committed 57344K, reserved 1097728K
  class space    used 8359K, capacity 8448K, committed 8448K, reserved 1048576K
}

