# JRE version: Java(TM) SE Runtime Environment (8.0_05-b13) (build 1.8.0_05-b13)
# Java VM: Java HotSpot(TM) 64-Bit Server VM (25.5-b02 mixed mode windows-amd64 compressed oops)
Heap:
 PSYoungGen      total 55808K, used 4483K [0x00000007bc400000, 0x00000007c0000000, 0x00000007c0000000)
  eden space 50688K, 8% used [0x00000007bc400000,0x00000007bc860c00,0x00000007bf580000)
  from space 5120K, 0% used [0x00000007bf580000,0x00000007bf580000,0x00000007bfa80000)
  to   space 5120K, 0% used [0x00000007bfb00000,0x00000007bfb00000,0x00000007c0000000)
 ParOldGen       total 179200K, used 41609K [0x0000000700000000, 0x000000070af00000, 0x00000007bc400000)
  object space 179200K, 23% used [0x0000000700000000,0x00000007028a2660,0x000000070af00000)
 Metaspace       used 54611K, capacity 54939K, committed 55424K, reserved 1097728K
  class space    used 8011K, capacity 8062K, committed 8064K, reserved 1048576K
GC Heap History (10 events):
Event: 72.314 GC heap before
{Heap before GC invocations=84 (full 17):
 PSYoungGen      total 55296K, used 224K [0x00000007bc400000, 0x00000007c0000000, 0x00000007c0000000)
  eden space 49152K, 0% used [0x00000007bc400000,0x00000007bc400000,0x00000007bf400000)
  from space 6144K, 3% used [0x00000007bf400000,0x00000007bf438000,0x00000007bfa00000)
  to   space 5632K, 0% used [0x00000007bfa80000,0x00000007bfa80000,0x00000007c0000000)
 ParOldGen       total 179200K, used 41586K [0x0000000700000000, 0x000000070af00000, 0x00000007bc400000)
  object space 179200K, 23% used [0x0000000700000000,0x000000070289c810,0x000000070af00000)
 Metaspace       used 54452K, capacity 54811K, committed 55168K, reserved 1095680K
  class space    used 7973K, capacity 8062K, committed 8064K, reserved 1048576K
Event: 72.390 GC heap after
Heap after GC invocations=84 (full 17):
 PSYoungGen      total 55296K, used 0K [0x00000007bc400000, 0x00000007c0000000, 0x00000007c0000000)
  eden space 49152K, 0% used [0x00000007bc400000,0x00000007bc400000,0x00000007bf400000)
  from space 6144K, 0% used [0x00000007bf400000,0x00000007bf400000,0x00000007bfa00000)
  to   space 5632K, 0% used [0x00000007bfa80000,0x00000007bfa80000,0x00000007c0000000)
 ParOldGen       total 179200K, used 41589K [0x0000000700000000, 0x000000070af00000, 0x00000007bc400000)
  object space 179200K, 23% used [0x0000000700000000,0x000000070289d528,0x000000070af00000)
 Metaspace       used 54452K, capacity 54811K, committed 55168K, reserved 1095680K
  class space    used 7973K, capacity 8062K, committed 8064K, reserved 1048576K
}
Event: 72.825 GC heap before
{Heap before GC invocations=85 (full 17):
 PSYoungGen      total 55296K, used 2268K [0x00000007bc400000, 0x00000007c0000000, 0x00000007c0000000)
  eden space 49152K, 4% used [0x00000007bc400000,0x00000007bc6370d0,0x00000007bf400000)
  from space 6144K, 0% used [0x00000007bf400000,0x00000007bf400000,0x00000007bfa00000)
  to   space 5632K, 0% used [0x00000007bfa80000,0x00000007bfa80000,0x00000007c0000000)
 ParOldGen       total 179200K, used 41589K [0x0000000700000000, 0x000000070af00000, 0x00000007bc400000)
  object space 179200K, 23% used [0x0000000700000000,0x000000070289d528,0x000000070af00000)
 Metaspace       used 54454K, capacity 54811K, committed 55168K, reserved 1095680K
  class space    used 7973K, capacity 8062K, committed 8064K, reserved 1048576K
Event: 72.827 GC heap after
Heap after GC invocations=85 (full 17):
 PSYoungGen      total 56320K, used 224K [0x00000007bc400000, 0x00000007c0000000, 0x00000007c0000000)
  eden space 50688K, 0% used [0x00000007bc400000,0x00000007bc400000,0x00000007bf580000)
  from space 5632K, 3% used [0x00000007bfa80000,0x00000007bfab8000,0x00000007c0000000)
  to   space 5120K, 0% used [0x00000007bf580000,0x00000007bf580000,0x00000007bfa80000)
 ParOldGen       total 179200K, used 41597K [0x0000000700000000, 0x000000070af00000, 0x00000007bc400000)
  object space 179200K, 23% used [0x0000000700000000,0x000000070289f528,0x000000070af00000)
 Metaspace       used 54454K, capacity 54811K, committed 55168K, reserved 1095680K
  class space    used 7973K, capacity 8062K, committed 8064K, reserved 1048576K
}
Event: 72.827 GC heap before
{Heap before GC invocations=86 (full 18):
 PSYoungGen      total 56320K, used 224K [0x00000007bc400000, 0x00000007c0000000, 0x00000007c0000000)
  eden space 50688K, 0% used [0x00000007bc400000,0x00000007bc400000,0x00000007bf580000)
  from space 5632K, 3% used [0x00000007bfa80000,0x00000007bfab8000,0x00000007c0000000)
  to   space 5120K, 0% used [0x00000007bf580000,0x00000007bf580000,0x00000007bfa80000)
 ParOldGen       total 179200K, used 41597K [0x0000000700000000, 0x000000070af00000, 0x00000007bc400000)
  object space 179200K, 23% used [0x0000000700000000,0x000000070289f528,0x000000070af00000)
 Metaspace       used 54454K, capacity 54811K, committed 55168K, reserved 1095680K
  class space    used 7973K, capacity 8062K, committed 8064K, reserved 1048576K
Event: 72.899 GC heap after
Heap after GC invocations=86 (full 18):
 PSYoungGen      total 56320K, used 0K [0x00000007bc400000, 0x00000007c0000000, 0x00000007c0000000)
  eden space 50688K, 0% used [0x00000007bc400000,0x00000007bc400000,0x00000007bf580000)
  from space 5632K, 0% used [0x00000007bfa80000,0x00000007bfa80000,0x00000007c0000000)
  to   space 5120K, 0% used [0x00000007bf580000,0x00000007bf580000,0x00000007bfa80000)
 ParOldGen       total 179200K, used 41592K [0x0000000700000000, 0x000000070af00000, 0x00000007bc400000)
  object space 179200K, 23% used [0x0000000700000000,0x000000070289e260,0x000000070af00000)
 Metaspace       used 54454K, capacity 54811K, committed 55168K, reserved 1095680K
  class space    used 7973K, capacity 8062K, committed 8064K, reserved 1048576K
}
Event: 73.560 GC heap before
{Heap before GC invocations=87 (full 18):
 PSYoungGen      total 56320K, used 2353K [0x00000007bc400000, 0x00000007c0000000, 0x00000007c0000000)
  eden space 50688K, 4% used [0x00000007bc400000,0x00000007bc64c640,0x00000007bf580000)
  from space 5632K, 0% used [0x00000007bfa80000,0x00000007bfa80000,0x00000007c0000000)
  to   space 5120K, 0% used [0x00000007bf580000,0x00000007bf580000,0x00000007bfa80000)
 ParOldGen       total 179200K, used 41592K [0x0000000700000000, 0x000000070af00000, 0x00000007bc400000)
  object space 179200K, 23% used [0x0000000700000000,0x000000070289e260,0x000000070af00000)
 Metaspace       used 54458K, capacity 54811K, committed 55168K, reserved 1095680K
  class space    used 7973K, capacity 8062K, committed 8064K, reserved 1048576K
Event: 73.562 GC heap after
Heap after GC invocations=87 (full 18):
 PSYoungGen      total 55808K, used 288K [0x00000007bc400000, 0x00000007c0000000, 0x00000007c0000000)
  eden space 50688K, 0% used [0x00000007bc400000,0x00000007bc400000,0x00000007bf580000)
  from space 5120K, 5% used [0x00000007bf580000,0x00000007bf5c8000,0x00000007bfa80000)
  to   space 5120K, 0% used [0x00000007bfb00000,0x00000007bfb00000,0x00000007c0000000)
 ParOldGen       total 179200K, used 41592K [0x0000000700000000, 0x000000070af00000, 0x00000007bc400000)
  object space 179200K, 23% used [0x0000000700000000,0x000000070289e260,0x000000070af00000)
 Metaspace       used 54458K, capacity 54811K, committed 55168K, reserved 1095680K
  class space    used 7973K, capacity 8062K, committed 8064K, reserved 1048576K
}
Event: 73.562 GC heap before
{Heap before GC invocations=88 (full 19):
 PSYoungGen      total 55808K, used 288K [0x00000007bc400000, 0x00000007c0000000, 0x00000007c0000000)
  eden space 50688K, 0% used [0x00000007bc400000,0x00000007bc400000,0x00000007bf580000)
  from space 5120K, 5% used [0x00000007bf580000,0x00000007bf5c8000,0x00000007bfa80000)
  to   space 5120K, 0% used [0x00000007bfb00000,0x00000007bfb00000,0x00000007c0000000)
 ParOldGen       total 179200K, used 41592K [0x0000000700000000, 0x000000070af00000, 0x00000007bc400000)
  object space 179200K, 23% used [0x0000000700000000,0x000000070289e260,0x000000070af00000)
 Metaspace       used 54458K, capacity 54811K, committed 55168K, reserved 1095680K
  class space    used 7973K, capacity 8062K, committed 8064K, reserved 1048576K
Event: 73.642 GC heap after
Heap after GC invocations=88 (full 19):
 PSYoungGen      total 55808K, used 0K [0x00000007bc400000, 0x00000007c0000000, 0x00000007c0000000)
  eden space 50688K, 0% used [0x00000007bc400000,0x00000007bc400000,0x00000007bf580000)
  from space 5120K, 0% used [0x00000007bf580000,0x00000007bf580000,0x00000007bfa80000)
  to   space 5120K, 0% used [0x00000007bfb00000,0x00000007bfb00000,0x00000007c0000000)
 ParOldGen       total 179200K, used 41609K [0x0000000700000000, 0x000000070af00000, 0x00000007bc400000)
  object space 179200K, 23% used [0x0000000700000000,0x00000007028a2660,0x000000070af00000)
 Metaspace       used 54458K, capacity 54811K, committed 55168K, reserved 1095680K
  class space    used 7973K, capacity 8062K, committed 8064K, reserved 1048576K
}

