# JRE version: Java(TM) SE Runtime Environment (8.0_05-b13) (build 1.8.0_05-b13)
# Java VM: Java HotSpot(TM) 64-Bit Server VM (25.5-b02 mixed mode windows-amd64 compressed oops)
Heap:
 PSYoungGen      total 54784K, used 30517K [0x00000007bc400000, 0x00000007c0000000, 0x00000007c0000000)
  eden space 48640K, 62% used [0x00000007bc400000,0x00000007be1cd530,0x00000007bf380000)
  from space 6144K, 0% used [0x00000007bf380000,0x00000007bf380000,0x00000007bf980000)
  to   space 5632K, 0% used [0x00000007bfa80000,0x00000007bfa80000,0x00000007c0000000)
 ParOldGen       total 179200K, used 48267K [0x0000000700000000, 0x000000070af00000, 0x00000007bc400000)
  object space 179200K, 26% used [0x0000000700000000,0x0000000702f22dd0,0x000000070af00000)
 Metaspace       used 58338K, capacity 58763K, committed 59520K, reserved 1099776K
  class space    used 8878K, capacity 8966K, committed 9088K, reserved 1048576K
GC Heap History (10 events):
Event: 333.105 GC heap before
{Heap before GC invocations=109 (full 22):
 PSYoungGen      total 54272K, used 288K [0x00000007bc400000, 0x00000007c0000000, 0x00000007c0000000)
  eden space 47104K, 0% used [0x00000007bc400000,0x00000007bc400000,0x00000007bf200000)
  from space 7168K, 4% used [0x00000007bf200000,0x00000007bf248000,0x00000007bf900000)
  to   space 6656K, 0% used [0x00000007bf980000,0x00000007bf980000,0x00000007c0000000)
 ParOldGen       total 179200K, used 48257K [0x0000000700000000, 0x000000070af00000, 0x00000007bc400000)
  object space 179200K, 26% used [0x0000000700000000,0x0000000702f20450,0x000000070af00000)
 Metaspace       used 58204K, capacity 58603K, committed 59136K, reserved 1099776K
  class space    used 8846K, capacity 8934K, committed 8960K, reserved 1048576K
Event: 333.193 GC heap after
Heap after GC invocations=109 (full 22):
 PSYoungGen      total 54272K, used 0K [0x00000007bc400000, 0x00000007c0000000, 0x00000007c0000000)
  eden space 47104K, 0% used [0x00000007bc400000,0x00000007bc400000,0x00000007bf200000)
  from space 7168K, 0% used [0x00000007bf200000,0x00000007bf200000,0x00000007bf900000)
  to   space 6656K, 0% used [0x00000007bf980000,0x00000007bf980000,0x00000007c0000000)
 ParOldGen       total 179200K, used 48250K [0x0000000700000000, 0x000000070af00000, 0x00000007bc400000)
  object space 179200K, 26% used [0x0000000700000000,0x0000000702f1eaa0,0x000000070af00000)
 Metaspace       used 58204K, capacity 58603K, committed 59136K, reserved 1099776K
  class space    used 8846K, capacity 8934K, committed 8960K, reserved 1048576K
}
Event: 333.404 GC heap before
{Heap before GC invocations=110 (full 22):
 PSYoungGen      total 54272K, used 2081K [0x00000007bc400000, 0x00000007c0000000, 0x00000007c0000000)
  eden space 47104K, 4% used [0x00000007bc400000,0x00000007bc608460,0x00000007bf200000)
  from space 7168K, 0% used [0x00000007bf200000,0x00000007bf200000,0x00000007bf900000)
  to   space 6656K, 0% used [0x00000007bf980000,0x00000007bf980000,0x00000007c0000000)
 ParOldGen       total 179200K, used 48250K [0x0000000700000000, 0x000000070af00000, 0x00000007bc400000)
  object space 179200K, 26% used [0x0000000700000000,0x0000000702f1eaa0,0x000000070af00000)
 Metaspace       used 58204K, capacity 58603K, committed 59136K, reserved 1099776K
  class space    used 8846K, capacity 8934K, committed 8960K, reserved 1048576K
Event: 333.407 GC heap after
Heap after GC invocations=110 (full 22):
 PSYoungGen      total 55296K, used 256K [0x00000007bc400000, 0x00000007c0000000, 0x00000007c0000000)
  eden space 48640K, 0% used [0x00000007bc400000,0x00000007bc400000,0x00000007bf380000)
  from space 6656K, 3% used [0x00000007bf980000,0x00000007bf9c0000,0x00000007c0000000)
  to   space 6144K, 0% used [0x00000007bf380000,0x00000007bf380000,0x00000007bf980000)
 ParOldGen       total 179200K, used 48250K [0x0000000700000000, 0x000000070af00000, 0x00000007bc400000)
  object space 179200K, 26% used [0x0000000700000000,0x0000000702f1eaa0,0x000000070af00000)
 Metaspace       used 58204K, capacity 58603K, committed 59136K, reserved 1099776K
  class space    used 8846K, capacity 8934K, committed 8960K, reserved 1048576K
}
Event: 333.407 GC heap before
{Heap before GC invocations=111 (full 23):
 PSYoungGen      total 55296K, used 256K [0x00000007bc400000, 0x00000007c0000000, 0x00000007c0000000)
  eden space 48640K, 0% used [0x00000007bc400000,0x00000007bc400000,0x00000007bf380000)
  from space 6656K, 3% used [0x00000007bf980000,0x00000007bf9c0000,0x00000007c0000000)
  to   space 6144K, 0% used [0x00000007bf380000,0x00000007bf380000,0x00000007bf980000)
 ParOldGen       total 179200K, used 48250K [0x0000000700000000, 0x000000070af00000, 0x00000007bc400000)
  object space 179200K, 26% used [0x0000000700000000,0x0000000702f1eaa0,0x000000070af00000)
 Metaspace       used 58204K, capacity 58603K, committed 59136K, reserved 1099776K
  class space    used 8846K, capacity 8934K, committed 8960K, reserved 1048576K
Event: 333.493 GC heap after
Heap after GC invocations=111 (full 23):
 PSYoungGen      total 55296K, used 0K [0x00000007bc400000, 0x00000007c0000000, 0x00000007c0000000)
  eden space 48640K, 0% used [0x00000007bc400000,0x00000007bc400000,0x00000007bf380000)
  from space 6656K, 0% used [0x00000007bf980000,0x00000007bf980000,0x00000007c0000000)
  to   space 6144K, 0% used [0x00000007bf380000,0x00000007bf380000,0x00000007bf980000)
 ParOldGen       total 179200K, used 48257K [0x0000000700000000, 0x000000070af00000, 0x00000007bc400000)
  object space 179200K, 26% used [0x0000000700000000,0x0000000702f206a0,0x000000070af00000)
 Metaspace       used 58204K, capacity 58603K, committed 59136K, reserved 1099776K
  class space    used 8846K, capacity 8934K, committed 8960K, reserved 1048576K
}
Event: 334.972 GC heap before
{Heap before GC invocations=112 (full 23):
 PSYoungGen      total 55296K, used 2148K [0x00000007bc400000, 0x00000007c0000000, 0x00000007c0000000)
  eden space 48640K, 4% used [0x00000007bc400000,0x00000007bc6192b8,0x00000007bf380000)
  from space 6656K, 0% used [0x00000007bf980000,0x00000007bf980000,0x00000007c0000000)
  to   space 6144K, 0% used [0x00000007bf380000,0x00000007bf380000,0x00000007bf980000)
 ParOldGen       total 179200K, used 48257K [0x0000000700000000, 0x000000070af00000, 0x00000007bc400000)
  object space 179200K, 26% used [0x0000000700000000,0x0000000702f206a0,0x000000070af00000)
 Metaspace       used 58206K, capacity 58603K, committed 59136K, reserved 1099776K
  class space    used 8846K, capacity 8934K, committed 8960K, reserved 1048576K
Event: 334.975 GC heap after
Heap after GC invocations=112 (full 23):
 PSYoungGen      total 54784K, used 416K [0x00000007bc400000, 0x00000007c0000000, 0x00000007c0000000)
  eden space 48640K, 0% used [0x00000007bc400000,0x00000007bc400000,0x00000007bf380000)
  from space 6144K, 6% used [0x00000007bf380000,0x00000007bf3e8000,0x00000007bf980000)
  to   space 5632K, 0% used [0x00000007bfa80000,0x00000007bfa80000,0x00000007c0000000)
 ParOldGen       total 179200K, used 48257K [0x0000000700000000, 0x000000070af00000, 0x00000007bc400000)
  object space 179200K, 26% used [0x0000000700000000,0x0000000702f206a0,0x000000070af00000)
 Metaspace       used 58206K, capacity 58603K, committed 59136K, reserved 1099776K
  class space    used 8846K, capacity 8934K, committed 8960K, reserved 1048576K
}
Event: 334.975 GC heap before
{Heap before GC invocations=113 (full 24):
 PSYoungGen      total 54784K, used 416K [0x00000007bc400000, 0x00000007c0000000, 0x00000007c0000000)
  eden space 48640K, 0% used [0x00000007bc400000,0x00000007bc400000,0x00000007bf380000)
  from space 6144K, 6% used [0x00000007bf380000,0x00000007bf3e8000,0x00000007bf980000)
  to   space 5632K, 0% used [0x00000007bfa80000,0x00000007bfa80000,0x00000007c0000000)
 ParOldGen       total 179200K, used 48257K [0x0000000700000000, 0x000000070af00000, 0x00000007bc400000)
  object space 179200K, 26% used [0x0000000700000000,0x0000000702f206a0,0x000000070af00000)
 Metaspace       used 58206K, capacity 58603K, committed 59136K, reserved 1099776K
  class space    used 8846K, capacity 8934K, committed 8960K, reserved 1048576K
Event: 335.062 GC heap after
Heap after GC invocations=113 (full 24):
 PSYoungGen      total 54784K, used 0K [0x00000007bc400000, 0x00000007c0000000, 0x00000007c0000000)
  eden space 48640K, 0% used [0x00000007bc400000,0x00000007bc400000,0x00000007bf380000)
  from space 6144K, 0% used [0x00000007bf380000,0x00000007bf380000,0x00000007bf980000)
  to   space 5632K, 0% used [0x00000007bfa80000,0x00000007bfa80000,0x00000007c0000000)
 ParOldGen       total 179200K, used 48267K [0x0000000700000000, 0x000000070af00000, 0x00000007bc400000)
  object space 179200K, 26% used [0x0000000700000000,0x0000000702f22dd0,0x000000070af00000)
 Metaspace       used 58206K, capacity 58603K, committed 59136K, reserved 1099776K
  class space    used 8846K, capacity 8934K, committed 8960K, reserved 1048576K
}

